<?xml version="1.0" encoding="UTF-8"?>
<!-- Generated by org.testng.reporters.JUnitReportReporter -->
<testsuite hostname="AL01LAP041" failures="0" tests="3" name="challange.MultipleWindow" time="1.827" errors="0" timestamp="2021-09-30T09:32:23 IST" skipped="2">
  <testcase classname="challange.MultipleWindow" name="iterateEachWindow" time="1.827"/>
  <system-out/>
  <testcase classname="challange.MultipleWindow" name="moveToTargetWindow">
    <skipped/>
  </testcase> <!-- moveToTargetWindow -->
  <system-out/>
  <testcase classname="challange.MultipleWindow" name="moveToTargetWindow1">
    <skipped/>
  </testcase> <!-- moveToTargetWindow1 -->
  <system-out/>
</testsuite> <!-- challange.MultipleWindow -->
