<?xml version="1.0" encoding="UTF-8"?>
<!-- Generated by org.testng.reporters.JUnitReportReporter -->
<testsuite hostname="AL01LAP041" failures="0" tests="3" name="challange.DataProviders" time="0.006" errors="0" timestamp="2021-09-30T09:58:10 IST" skipped="0">
  <testcase classname="challange.DataProviders" name="login" time="0.005"/>
  <system-out/>
  <testcase classname="challange.DataProviders" name="login" time="0.001"/>
  <system-out/>
  <testcase classname="challange.DataProviders" name="login" time="0.000"/>
  <system-out/>
</testsuite> <!-- challange.DataProviders -->
